<?xml version="1.0" encoding="UTF-8" ?>
<testsuite errors="0" failures="1" hostname="Diya" name="com.unit_tests.ParameterizedTests" skipped="0" tests="5" time="0.137" timestamp="2018-06-09T14:14:45">
  <properties>
    <property name="java.vendor" value="Oracle Corporation" />
    <property name="env.USERDOMAIN_ROAMINGPROFILE" value="DIYA" />
    <property name="sun.java.launcher" value="SUN_STANDARD" />
    <property name="eclipse.pdebuild.templates" value="C:\Java\tools\Eclipse\java-oxygen\eclipse\..\..\..\..\..\Users\Swapnil\.p2\pool\plugins\org.eclipse.pde.build_3.9.300.v20170515-0912\templates" />
    <property name="sun.management.compiler" value="HotSpot 64-Bit Tiered Compilers" />
    <property name="env.PROMPT" value="$P$G" />
    <property name="env.DriverData" value="C:\Windows\System32\Drivers\DriverData" />
    <property name="os.name" value="Windows 10" />
    <property name="env.FP_NO_HOST_CHECK" value="NO" />
    <property name="sun.boot.class.path" value="C:\Program Files\Java\jdk1.8.0_171\jre\lib\resources.jar;C:\Program Files\Java\jdk1.8.0_171\jre\lib\rt.jar;C:\Program Files\Java\jdk1.8.0_171\jre\lib\sunrsasign.jar;C:\Program Files\Java\jdk1.8.0_171\jre\lib\jsse.jar;C:\Program Files\Java\jdk1.8.0_171\jre\lib\jce.jar;C:\Program Files\Java\jdk1.8.0_171\jre\lib\charsets.jar;C:\Program Files\Java\jdk1.8.0_171\jre\lib\jfr.jar;C:\Program Files\Java\jdk1.8.0_171\jre\classes" />
    <property name="env.COMPUTERNAME" value="DIYA" />
    <property name="env.CommonProgramW6432" value="C:\Program Files\Common Files" />
    <property name="env.ALLUSERSPROFILE" value="C:\ProgramData" />
    <property name="sun.desktop" value="windows" />
    <property name="java.vm.specification.vendor" value="Oracle Corporation" />
    <property name="ant.home" value="C:\Users\Swapnil\.p2\pool\plugins\org.apache.ant_1.10.1.v20170504-0840" />
    <property name="java.runtime.version" value="1.8.0_171-b11" />
    <property name="env.HOMEPATH" value="\Users\Swapnil" />
    <property name="user.name" value="Swapnil" />
    <property name="user.language" value="en" />
    <property name="sun.boot.library.path" value="C:\Program Files\Java\jdk1.8.0_171\jre\bin" />
    <property name="ant.file.type.JUnit1_Project_Test" value="file" />
    <property name="env.GECKO_PATH" value="C:\Java\tools" />
    <property name="ant.project.default-target" value="build" />
    <property name="ant.project.name" value="JUnit1_Project_Test" />
    <property name="java.version" value="1.8.0_171" />
    <property name="env.PROCESSOR_IDENTIFIER" value="Intel64 Family 6 Model 69 Stepping 1, GenuineIntel" />
    <property name="user.timezone" value="" />
    <property name="env.TEMP" value="C:\Users\Swapnil\AppData\Local\Temp" />
    <property name="sun.arch.data.model" value="64" />
    <property name="java.endorsed.dirs" value="C:\Program Files\Java\jdk1.8.0_171\jre\lib\endorsed" />
    <property name="sun.cpu.isalist" value="amd64" />
    <property name="env.HOMEDRIVE" value="C:" />
    <property name="sun.jnu.encoding" value="Cp1252" />
    <property name="file.encoding.pkg" value="sun.io" />
    <property name="ECLIPSE_HOME" value="../../../tools/Eclipse/java-oxygen/eclipse/" />
    <property name="file.separator" value="\" />
    <property name="java.specification.name" value="Java Platform API Specification" />
    <property name="java.class.version" value="52.0" />
    <property name="ant.file.JUnit1_Project_Test" value="C:\Java\GitHub\JUnitDemo1\JUnit1_Project_Test\build.xml" />
    <property name="user.country" value="US" />
    <property name="java.home" value="C:\Program Files\Java\jdk1.8.0_171\jre" />
    <property name="env.PSModulePath" value="C:\WINDOWS\system32\WindowsPowerShell\v1.0\Modules\" />
    <property name="env.APPDATA" value="C:\Users\Swapnil\AppData\Roaming" />
    <property name="env.PUBLIC" value="C:\Users\Public" />
    <property name="java.vm.info" value="mixed mode" />
    <property name="env.ComSpec" value="C:\WINDOWS\system32\cmd.exe" />
    <property name="env.OS" value="Windows_NT" />
    <property name="env.CommonProgramFiles" value="C:\Program Files\Common Files" />
    <property name="ant.file" value="C:\Java\GitHub\JUnitDemo1\JUnit1_Project_Test\build.xml" />
    <property name="os.version" value="10.0" />
    <property name="env.ProgramW6432" value="C:\Program Files" />
    <property name="path.separator" value=";" />
    <property name="java.vm.version" value="25.171-b11" />
    <property name="user.variant" value="" />
    <property name="env.USERPROFILE" value="C:\Users\Swapnil" />
    <property name="ant.library.dir" value="C:\Users\Swapnil\.p2\pool\plugins\org.apache.ant_1.10.1.v20170504-0840\lib" />
    <property name="junit.output.dir" value="junit" />
    <property name="java.awt.printerjob" value="sun.awt.windows.WPrinterJob" />
    <property name="env.TMP" value="C:\Users\Swapnil\AppData\Local\Temp" />
    <property name="env.FPS_BROWSER_USER_PROFILE_STRING" value="Default" />
    <property name="sun.io.unicode.encoding" value="UnicodeLittle" />
    <property name="awt.toolkit" value="sun.awt.windows.WToolkit" />
    <property name="user.script" value="" />
    <property name="eclipse.pdebuild.scripts" value="C:\Java\tools\Eclipse\java-oxygen\eclipse\..\..\..\..\..\Users\Swapnil\.p2\pool\plugins\org.eclipse.pde.build_3.9.300.v20170515-0912\scripts" />
    <property name="user.home" value="C:\Users\Swapnil" />
    <property name="target" value="1.8" />
    <property name="env.ProgramData" value="C:\ProgramData" />
    <property name="env.SESSIONNAME" value="Console" />
    <property name="env.ProgramFiles(x86)" value="C:\Program Files (x86)" />
    <property name="java.specification.vendor" value="Oracle Corporation" />
    <property name="java.library.path" value="C:\Program Files\Java\jdk1.8.0_171\jre\bin;C:\WINDOWS\Sun\Java\bin;C:\WINDOWS\system32;C:\WINDOWS;C:/Program Files/Java/jre1.8.0_171/bin/server;C:/Program Files/Java/jre1.8.0_171/bin;C:/Program Files/Java/jre1.8.0_171/lib/amd64;C:\Program Files (x86)\iis express\PHP\v5.6;C:\Program Files (x86)\Common Files\Oracle\Java\javapath;C:\Program Files\Python36\Scripts\;C:\Program Files\Python36\;C:\Program Files (x86)\Python36-32\Scripts\;C:\Program Files (x86)\Python36-32\;C:\ProgramData\Oracle\Java\javapath;C:\Program Files (x86)\Intel\iCLS Client\;C:\Program Files\Intel\iCLS Client\;C:\WINDOWS\system32;C:\WINDOWS;C:\WINDOWS\System32\Wbem;C:\WINDOWS\System32\WindowsPowerShell\v1.0\;C:\Program Files\Intel\Intel(R) Management Engine Components\DAL;C:\Program Files\Intel\Intel(R) Management Engine Components\IPT;C:\Program Files (x86)\Intel\Intel(R) Management Engine Components\DAL;C:\Program Files (x86)\Intel\Intel(R) Management Engine Components\IPT;C:\Program Files\Microsoft\Web Platform Installer\;C:\Java\tools;C:\Users\Swapnil\AppData\Local\Microsoft\WindowsApps;C:\Program Files\Java\jre-10.0.1\bin;C:\Users\Swapnil\AppData\Local\GitHubDesktop\bin;C:\Program Files\Java\jre1.8.0_171;C:\Program Files\MySQL\MySQL Server 5.1\bin;C:\Java\tools\nodejs\;%SystemRoot%\system32;%SystemRoot%;%SystemRoot%\System32\Wbem;%SYSTEMROOT%\System32\WindowsPowerShell\v1.0\;%SYSTEMROOT%\System32\OpenSSH\;C:\Users\Swapnil\AppData\Local\Microsoft\WindowsApps;C:\Program Files\Java\jre-10.0.1\bin;C:\Users\Swapnil\AppData\Local\GitHubDesktop\bin;C:\Program Files\Java\jre1.8.0_171;C:\Users\Swapnil\AppData\Roaming\npm;C:\Java\tools\Microsoft VS Code\bin;C:\Users\Swapnil\AppData\Local\Microsoft\WindowsApps;;C:\Java\tools\Eclipse\java-oxygen\eclipse;;." />
    <property name="env.NUMBER_OF_PROCESSORS" value="4" />
    <property name="java.vendor.url" value="http://java.oracle.com/" />
    <property name="java.vm.vendor" value="Oracle Corporation" />
    <property name="java.runtime.name" value="Java(TM) SE Runtime Environment" />
    <property name="ant.version" value="Apache Ant(TM) version 1.10.1 compiled on February 2 2017" />
    <property name="sun.java.command" value="org.apache.tools.ant.taskdefs.optional.junit.JUnitTestRunner com.unit_tests.ParameterizedTests skipNonTests=false filtertrace=true haltOnError=false haltOnFailure=false formatter=org.apache.tools.ant.taskdefs.optional.junit.OutErrSummaryJUnitResultFormatter showoutput=false outputtoformatters=true logfailedtests=true threadid=0 logtestlistenerevents=false formatter=org.apache.tools.ant.taskdefs.optional.junit.XMLJUnitResultFormatter,C:\Java\GitHub\JUnitDemo1\JUnit1_Project_Test\junit\TEST-com.unit_tests.ParameterizedTests.xml crashfile=C:\Java\GitHub\JUnitDemo1\JUnit1_Project_Test\junitvmwatcher7024657549933478471.properties propsfile=C:\Java\GitHub\JUnitDemo1\JUnit1_Project_Test\junit3098873652458892835.properties" />
    <property name="java.class.path" value="C:\Java\GitHub\JUnitDemo1\JUnit1_Project_Test\bin;C:\Users\Swapnil\.p2\pool\plugins\org.junit_4.12.0.v201504281640\junit.jar;C:\Users\Swapnil\.p2\pool\plugins\org.hamcrest.core_1.3.0.v201303031735.jar;C:\Java\GitHub\JUnitDemo1\JUnit1_Project\bin;C:\Users\Swapnil\.p2\pool\plugins\org.apache.ant_1.10.1.v20170504-0840\lib\ant-launcher.jar;C:\Users\Swapnil\.p2\pool\plugins\org.apache.ant_1.10.1.v20170504-0840\lib\ant.jar;C:\Users\Swapnil\.p2\pool\plugins\org.apache.ant_1.10.1.v20170504-0840\lib\ant-junit.jar;C:\Users\Swapnil\.p2\pool\plugins\org.apache.ant_1.10.1.v20170504-0840\lib\ant-junit4.jar" />
    <property name="java.vm.specification.name" value="Java Virtual Machine Specification" />
    <property name="env.LOGONSERVER" value="\\DIYA" />
    <property name="env.windir" value="C:\WINDOWS" />
    <property name="java.vm.specification.version" value="1.8" />
    <property name="env.PROCESSOR_ARCHITECTURE" value="AMD64" />
    <property name="sun.os.patch.level" value="" />
    <property name="sun.cpu.endian" value="little" />
    <property name="debuglevel" value="source,lines,vars" />
    <property name="env.OneDrive" value="C:\Users\Swapnil\OneDrive" />
    <property name="env.ProgramFiles" value="C:\Program Files" />
    <property name="env.ANT_HOME" value="C:\Users\Swapnil\.p2\pool\plugins\org.apache.ant_1.10.1.v20170504-0840" />
    <property name="env.PROCESSOR_REVISION" value="4501" />
    <property name="eclipse.pdebuild.home" value="C:\Java\tools\Eclipse\java-oxygen\eclipse\..\..\..\..\..\Users\Swapnil\.p2\pool\plugins\org.eclipse.pde.build_3.9.300.v20170515-0912\." />
    <property name="java.io.tmpdir" value="C:\Users\Swapnil\AppData\Local\Temp\" />
    <property name="env.CommonProgramFiles(x86)" value="C:\Program Files (x86)\Common Files" />
    <property name="java.vendor.url.bug" value="http://bugreport.sun.com/bugreport/" />
    <property name="env.SystemRoot" value="C:\WINDOWS" />
    <property name="env.FPS_BROWSER_APP_PROFILE_STRING" value="Internet Explorer" />
    <property name="java.awt.graphicsenv" value="sun.awt.Win32GraphicsEnvironment" />
    <property name="os.arch" value="amd64" />
    <property name="java.ext.dirs" value="C:\Program Files\Java\jdk1.8.0_171\jre\lib\ext;C:\WINDOWS\Sun\Java\lib\ext" />
    <property name="env.LOCALAPPDATA" value="C:\Users\Swapnil\AppData\Local" />
    <property name="user.dir" value="C:\Java\GitHub\JUnitDemo1\JUnit1_Project_Test" />
    <property name="line.separator" value="&#xd;&#xa;" />
    <property name="java.vm.name" value="Java HotSpot(TM) 64-Bit Server VM" />
    <property name="env.PATHEXT" value=".COM;.EXE;.BAT;.CMD;.VBS;.VBE;.JS;.JSE;.WSF;.WSH;.MSC" />
    <property name="env.Path" value="C:/Program Files/Java/jre1.8.0_171/bin/server;C:/Program Files/Java/jre1.8.0_171/bin;C:/Program Files/Java/jre1.8.0_171/lib/amd64;C:\Program Files (x86)\iis express\PHP\v5.6;C:\Program Files (x86)\Common Files\Oracle\Java\javapath;C:\Program Files\Python36\Scripts\;C:\Program Files\Python36\;C:\Program Files (x86)\Python36-32\Scripts\;C:\Program Files (x86)\Python36-32\;C:\ProgramData\Oracle\Java\javapath;C:\Program Files (x86)\Intel\iCLS Client\;C:\Program Files\Intel\iCLS Client\;C:\WINDOWS\system32;C:\WINDOWS;C:\WINDOWS\System32\Wbem;C:\WINDOWS\System32\WindowsPowerShell\v1.0\;C:\Program Files\Intel\Intel(R) Management Engine Components\DAL;C:\Program Files\Intel\Intel(R) Management Engine Components\IPT;C:\Program Files (x86)\Intel\Intel(R) Management Engine Components\DAL;C:\Program Files (x86)\Intel\Intel(R) Management Engine Components\IPT;C:\Program Files\Microsoft\Web Platform Installer\;C:\Java\tools;C:\Users\Swapnil\AppData\Local\Microsoft\WindowsApps;C:\Program Files\Java\jre-10.0.1\bin;C:\Users\Swapnil\AppData\Local\GitHubDesktop\bin;C:\Program Files\Java\jre1.8.0_171;C:\Program Files\MySQL\MySQL Server 5.1\bin;C:\Java\tools\nodejs\;%SystemRoot%\system32;%SystemRoot%;%SystemRoot%\System32\Wbem;%SYSTEMROOT%\System32\WindowsPowerShell\v1.0\;%SYSTEMROOT%\System32\OpenSSH\;C:\Users\Swapnil\AppData\Local\Microsoft\WindowsApps;C:\Program Files\Java\jre-10.0.1\bin;C:\Users\Swapnil\AppData\Local\GitHubDesktop\bin;C:\Program Files\Java\jre1.8.0_171;C:\Users\Swapnil\AppData\Roaming\npm;C:\Java\tools\Microsoft VS Code\bin;C:\Users\Swapnil\AppData\Local\Microsoft\WindowsApps;;C:\Java\tools\Eclipse\java-oxygen\eclipse;" />
    <property name="basedir" value="C:\Java\GitHub\JUnitDemo1\JUnit1_Project_Test" />
    <property name="ant.java.version" value="1.8" />
    <property name="ant.core.lib" value="C:\Users\Swapnil\.p2\pool\plugins\org.apache.ant_1.10.1.v20170504-0840\lib\ant.jar" />
    <property name="env.USERNAME" value="Swapnil" />
    <property name="source" value="1.8" />
    <property name="env.SystemDrive" value="C:" />
    <property name="file.encoding" value="Cp1252" />
    <property name="env.USERDOMAIN" value="DIYA" />
    <property name="java.specification.version" value="1.8" />
    <property name="ant.project.invoked-targets" value="build,ParameterizedTests,ProteinTrackerSuite,TrackingServiceTheories,GoodTestsSuite,junitreport" />
    <property name="env.PROCESSOR_LEVEL" value="6" />
    <property name="JUnit1_Project.location" value="../JUnit1_Project" />
  </properties>
  <testcase classname="com.unit_tests.ParameterizedTests" name="test[0]" time="0.008" />
  <testcase classname="com.unit_tests.ParameterizedTests" name="test[1]" time="0.0" />
  <testcase classname="com.unit_tests.ParameterizedTests" name="test[2]" time="0.012">
    <failure message="expected:&lt;1&gt; but was:&lt;0&gt;" type="junit.framework.AssertionFailedError">junit.framework.AssertionFailedError: expected:&lt;1&gt; but was:&lt;0&gt;
	at com.unit_tests.ParameterizedTests.test(ParameterizedTests.java:40)
</failure>
  </testcase>
  <testcase classname="com.unit_tests.ParameterizedTests" name="test[3]" time="0.0" />
  <testcase classname="com.unit_tests.ParameterizedTests" name="test[4]" time="0.0" />
  <system-out><![CDATA[]]></system-out>
  <system-err><![CDATA[]]></system-err>
</testsuite>
